[21:03:12] [main/INFO] [JMLogger] JourneyMap log initialized.
[21:03:12] [main/INFO] [JourneymapClient] initialize ENTER
[21:03:12] [main/ERROR] [JMLogger] Default theme not found in C:\Users\delet\OneDrive\Documentos\Curse\Minecraft\Instances\Integration By Parts 2\journeymap\icon\theme\flat\OceanMonument.theme2.json: OceanMonument (SUPPRESSED)
[21:03:13] [main/WARN] [PropertiesBase] core (Initialized) Bad configField entry during updateFrom(): optionsManagerViewed=null
[21:03:13] [main/WARN] [PropertiesBase] core (Initialized) Bad configField entry during updateFrom(): splashViewed=null
[21:03:13] [Client thread/INFO] [?] Version: JourneyMap 1.12.2-5.5.0rc1, built with Forge 14.23.0.2487
Forge: 14.23.0.2515
Environment: os.name, os.arch, java.version, user.country, user.language=null, game language=en_us, locale=en_us
Unlimited Features: 
	RadarPlayers : singleplayer = true , multiplayer = true
	RadarAnimals : singleplayer = true , multiplayer = true
	RadarMobs : singleplayer = true , multiplayer = true
	RadarVillagers : singleplayer = true , multiplayer = true
	MapSurface : singleplayer = true , multiplayer = true
	MapCaves : singleplayer = true , multiplayer = true
MiniMapProperties{state=Valid, file=journeymap.minimap.config, configVersion=5.5.0rc1, zoomLevel=0, showPlayers=true, frameAlpha=100, compassFontScale=1, terrainAlpha=100, showEntityNames=true, enabled=true, showPlayerHeading=true, showVillagers=true, info2Label=Game Time, sizePercent=30, showDayNight=true, info3Label=Location, showMobs=true, showPets=true, preferredMapType=day, showCompass=true, mobDisplay=Small Dots, showReticle=true, orientation=North, shape=Circle, showSelf=true, info4Label=Biome, locationFormat=xzyv, playerDisplay=Small Dots, showGrid=true, reticleOrientation=Compass, showWaypoints=true, showCaves=true, showAnimals=true, showMobHeading=true, showWaypointLabels=true, locationFormatVerbose=true, position=Top Right, info1Label=Blank, fontScale=1}
MiniMapProperties{state=Valid, file=journeymap.minimap2.config, configVersion=5.5.0rc1, zoomLevel=0, showPlayers=true, frameAlpha=100, compassFontScale=1, terrainAlpha=100, showEntityNames=true, enabled=true, showPlayerHeading=true, showVillagers=true, info2Label=Game Time, sizePercent=30, showDayNight=true, info3Label=Location, showMobs=true, showPets=true, preferredMapType=day, showCompass=true, mobDisplay=Small Dots, showReticle=true, orientation=North, shape=Rectangle, showSelf=true, info4Label=Biome, locationFormat=xzyv, playerDisplay=Small Dots, showGrid=true, reticleOrientation=Compass, showWaypoints=true, showCaves=true, showAnimals=true, showMobHeading=true, showWaypointLabels=true, locationFormatVerbose=true, position=Top Right, info1Label=Blank, fontScale=1}
FullMapProperties{state=Valid, file=journeymap.fullmap.config, configVersion=5.5.0rc1, mobDisplay=Small Dots, zoomLevel=0, showPlayers=true, showSelf=true, locationFormat=xzyv, playerDisplay=Small Dots, showGrid=true, showEntityNames=true, showPlayerHeading=true, showVillagers=true, showWaypoints=true, showCaves=true, showAnimals=true, showMobHeading=true, showKeys=true, showWaypointLabels=true, locationFormatVerbose=true, showMobs=true, showPets=true, fontScale=1, preferredMapType=day}
WaypointProperties{state=Valid, file=journeymap.waypoint.config, configVersion=5.5.0rc1, createDeathpoints=true, showName=true, maxDistance=0, autoHideLabel=true, showStaticBeam=true, minDistance=4, boldLabel=false, textureSmall=true, showDistance=true, showRotatingBeam=true, fontScale=2, showTexture=true, managerEnabled=true, beaconEnabled=true}
WebMapProperties{state=Valid, file=journeymap.webmap.config, configVersion=5.5.0rc1, zoomLevel=0, showWaypoints=true, showCaves=true, showSelf=true, port=8080, showGrid=true, showEntityNames=true, enabled=false, googleMapApiDomain=.com, preferredMapType=day}
CoreProperties{state=Valid, file=journeymap.core.config, configVersion=5.5.0rc1, verboseColorPalette=false, maxPlayersData=32, mapSurfaceAboveCaves=true, optionsManagerViewed=null, announceMod=true, colorPassive=#bbbbbb, renderOverlayEventTypeName=ALL, mapBlendWater=false, renderDistanceSurfaceMax=7, radarVerticalDistance=16, mapBlendGrass=true, recordCacheStats=false, hideSneakingEntities=true, revealShape=Circle, alwaysMapSurface=false, colorVillager=#88e188, mapPlants=false, colorPet=#0077ff, radarLateralDistance=64, mapBathymetry=false, mapCrops=true, maxMobsData=32, mapPlantShadows=false, alwaysMapCaves=false, checkUpdates=true, browserPoll=2000, mapBlendFoliage=true, mappingEnabled=true, colorPlayer=#ffffff, tileHighDisplayQuality=true, cacheVillagersData=2200, logLevel=INFO, maxVillagersData=32, maxAnimalsData=32, mapTransparency=true, tileRenderType=1, caveIgnoreGlass=true, mapTopography=true, renderDistanceCaveMax=3, mapAntialiasing=true, colorSelf=#0000ff, cachePlayersData=2000, cacheMobsData=3000, cachePlayerData=1000, splashViewed=null, colorHostile=#ff0000, cacheAnimalsData=3100, themeName=OceanMonument, mapCaveLighting=true, renderDelay=2, renderOverlayPreEvent=true, autoMapPoll=2000}
[21:03:13] [main/INFO] [ClientAPI] [ClientAPI] built with JourneyMap API 1.4
[21:03:13] [main/INFO] [PluginHelper] Initializing plugins with Client API: journeymap.client.api.impl.ClientAPI
[21:03:13] [main/INFO] [PluginHelper] Initialized IClientPlugin: com.feed_the_beast.ftbu.integration.JMIntegration
[21:03:13] [main/INFO] [JourneymapClient] initialize EXIT, elapsed count 0 avg ?ms
[21:03:37] [main/ERROR] [FileHandler] Couldn't locate icons for Default: C:\Users\delet\OneDrive\Documentos\Curse\Minecraft\Instances\Integration%20By%20Parts%202\mods\journeymap-1.12.2-5.5.0rc1.jar\assets\journeymap\icon\entity
[21:03:37] [main/INFO] [IconSetFileHandler] Added entity icons from journeymap:icon/entity. Success: false
[21:03:37] [main/ERROR] [FileHandler] Couldn't locate icons for flat: C:\Users\delet\OneDrive\Documentos\Curse\Minecraft\Instances\Integration%20By%20Parts%202\mods\journeymap-1.12.2-5.5.0rc1.jar\assets\journeymap\theme\flat
[21:03:37] [main/INFO] [ThemeLoader] Preloaded theme textures: 0
[21:03:37] [JM-VersionCheck-1/INFO] [VersionCheck$1] Newer version online: JourneyMap 5.5.2b1 for Minecraft 1.12.2 on http://minecraft.curseforge.com/projects/journeymap/files/2494527
[21:04:45] [main/WARN] [PropertiesBase] core (Initialized) Bad configField entry during updateFrom(): optionsManagerViewed=null
[21:04:45] [main/WARN] [PropertiesBase] core (Initialized) Bad configField entry during updateFrom(): splashViewed=null
[21:04:45] [main/INFO] [TopoRenderer] Loading journeymap.topo.config
[21:04:45] [main/INFO] [WaypointStore] Loaded 0 waypoints from C:\Users\delet\OneDrive\Documentos\Curse\Minecraft\Instances\Integration By Parts 2\journeymap\data\sp\New World\waypoints
[21:04:45] [main/INFO] [JourneymapClient] Mapping started in C:\Users\delet\OneDrive\Documentos\Curse\Minecraft\Instances\Integration By Parts 2\journeymap\data\sp\New World\DIM0. Memory: 2431MB total, 789MB free 
[21:04:53] [main/INFO] [ChatLog] JourneyMap: Press [J]
[21:27:39] [main/INFO] [JourneymapClient] Mapping halted in C:\Users\delet\OneDrive\Documentos\Curse\Minecraft\Instances\Integration By Parts 2\journeymap\data\sp\New World\DIM0
